<?xml version="1.0" encoding="UTF-8"?>
<!-- Generated by org.testng.reporters.JUnitXMLReporter -->
<testsuite ignored="0" hostname="DESKTOP-T6230QL" failures="0" tests="1" name="Test" time="82.925" errors="0" timestamp="2024-02-15T12:34:06 IST">
  <testcase classname="BanjaraRide.simple" name="@AfterTest tearDown" time="0.001">
    <failure type="java.lang.NullPointerException" message="Cannot invoke &amp;quot;io.appium.java_client.service.local.AppiumDriverLocalService.stop()&amp;quot; because &amp;quot;this.service&amp;quot; is null">
      <![CDATA[java.lang.NullPointerException: Cannot invoke "io.appium.java_client.service.local.AppiumDriverLocalService.stop()" because "this.service" is null
at BanjaraRide.simple.tearDown(simple.java:13)
... Removed 24 stack frames]]>
    </failure>
  </testcase> <!-- @AfterTest tearDown -->
  <testcase classname="BanjaraRide.Ride1" name="ts" time="58.391"/>
</testsuite> <!-- Test -->
