<?xml version="1.0" encoding="UTF-8"?>
<testng-results ignored="0" total="1" passed="1" failed="0" skipped="0">
  <reporter-output>
  </reporter-output>
  <suite started-at="2024-02-16T00:24:45 IST" name="Default suite" finished-at="2024-02-16T00:26:07 IST" duration-ms="82327">
    <groups>
    </groups>
    <test started-at="2024-02-16T00:24:45 IST" name="Default test" finished-at="2024-02-16T00:26:07 IST" duration-ms="82327">
      <class name="BanjaraRide.Ride1">
        <test-method is-config="true" signature="bt()[pri:0, instance:BanjaraRide.Ride1@550dbc7a]" started-at="2024-02-16T00:24:45 IST" name="bt" finished-at="2024-02-16T00:25:08 IST" duration-ms="23672" status="PASS">
          <reporter-output>
          </reporter-output>
        </test-method> <!-- bt -->
        <test-method signature="ts()[pri:0, instance:BanjaraRide.Ride1@550dbc7a]" started-at="2024-02-16T00:25:08 IST" name="ts" finished-at="2024-02-16T00:26:07 IST" duration-ms="58595" status="PASS">
          <reporter-output>
          </reporter-output>
        </test-method> <!-- ts -->
      </class> <!-- BanjaraRide.Ride1 -->
    </test> <!-- Default test -->
  </suite> <!-- Default suite -->
</testng-results>
